Mango: AddOracle Program 4uQeVj5tqViQh7yWWGStvkEG1Zmhx6uasJtWCJziofM consumed 2052 of 171272 compute units
Mango: AddOracle Program 4uQeVj5tqViQh7yWWGStvkEG1Zmhx6uasJtWCJziofM consumed 2052 of 173324 compute units
Mango: AddOracle Program 4uQeVj5tqViQh7yWWGStvkEG1Zmhx6uasJtWCJziofM consumed 2052 of 175376 compute units
Mango: AddOracle Program 4uQeVj5tqViQh7yWWGStvkEG1Zmhx6uasJtWCJziofM consumed 2052 of 177428 compute units
Mango: AddOracle Program 4uQeVj5tqViQh7yWWGStvkEG1Zmhx6uasJtWCJziofM consumed 2052 of 179480 compute units
Mango: AddOracle Program 4uQeVj5tqViQh7yWWGStvkEG1Zmhx6uasJtWCJziofM consumed 2052 of 181532 compute units
Mango: AddOracle Program 4uQeVj5tqViQh7yWWGStvkEG1Zmhx6uasJtWCJziofM consumed 2052 of 183584 compute units
Mango: AddOracle Program 4uQeVj5tqViQh7yWWGStvkEG1Zmhx6uasJtWCJziofM consumed 2052 of 185636 compute units
Mango: AddOracle Program 4uQeVj5tqViQh7yWWGStvkEG1Zmhx6uasJtWCJziofM consumed 2052 of 187688 compute units
Mango: AddOracle Program 4uQeVj5tqViQh7yWWGStvkEG1Zmhx6uasJtWCJziofM consumed 2052 of 189740 compute units
Mango: AddOracle Program 4uQeVj5tqViQh7yWWGStvkEG1Zmhx6uasJtWCJziofM consumed 2052 of 191792 compute units
Mango: AddOracle Program 4uQeVj5tqViQh7yWWGStvkEG1Zmhx6uasJtWCJziofM consumed 2052 of 193844 compute units
Mango: AddOracle Program 4uQeVj5tqViQh7yWWGStvkEG1Zmhx6uasJtWCJziofM consumed 2052 of 195896 compute units
Mango: AddOracle Program 4uQeVj5tqViQh7yWWGStvkEG1Zmhx6uasJtWCJziofM consumed 2052 of 197948 compute units
Mango: AddOracle Program 4uQeVj5tqViQh7yWWGStvkEG1Zmhx6uasJtWCJziofM consumed 2052 of 200000 compute units
Mango: AddPerpMarket DEPRECATED Program 4uQeVj5tqViQh7yWWGStvkEG1Zmhx6uasJtWCJziofM consumed 19922 of 200000 compute units
Mango: AddPerpMarket DEPRECATED Program 4uQeVj5tqViQh7yWWGStvkEG1Zmhx6uasJtWCJziofM consumed 19962 of 200000 compute units
Mango: AddPerpMarket DEPRECATED Program 4uQeVj5tqViQh7yWWGStvkEG1Zmhx6uasJtWCJziofM consumed 20001 of 200000 compute units
Mango: AddPerpMarket DEPRECATED Program 4uQeVj5tqViQh7yWWGStvkEG1Zmhx6uasJtWCJziofM consumed 20040 of 200000 compute units
Mango: AddPerpMarket DEPRECATED Program 4uQeVj5tqViQh7yWWGStvkEG1Zmhx6uasJtWCJziofM consumed 20079 of 200000 compute units
Mango: AddPerpMarket DEPRECATED Program 4uQeVj5tqViQh7yWWGStvkEG1Zmhx6uasJtWCJziofM consumed 20118 of 200000 compute units
Mango: AddPerpMarket DEPRECATED Program 4uQeVj5tqViQh7yWWGStvkEG1Zmhx6uasJtWCJziofM consumed 20157 of 200000 compute units
Mango: AddPerpMarket DEPRECATED Program 4uQeVj5tqViQh7yWWGStvkEG1Zmhx6uasJtWCJziofM consumed 20196 of 200000 compute units
Mango: AddPerpMarket DEPRECATED Program 4uQeVj5tqViQh7yWWGStvkEG1Zmhx6uasJtWCJziofM consumed 20235 of 200000 compute units
Mango: AddPerpMarket DEPRECATED Program 4uQeVj5tqViQh7yWWGStvkEG1Zmhx6uasJtWCJziofM consumed 20274 of 200000 compute units
Mango: AddPerpMarket DEPRECATED Program 4uQeVj5tqViQh7yWWGStvkEG1Zmhx6uasJtWCJziofM consumed 20313 of 200000 compute units
Mango: AddPerpMarket DEPRECATED Program 4uQeVj5tqViQh7yWWGStvkEG1Zmhx6uasJtWCJziofM consumed 20352 of 200000 compute units
Mango: AddPerpMarket DEPRECATED Program 4uQeVj5tqViQh7yWWGStvkEG1Zmhx6uasJtWCJziofM consumed 20391 of 200000 compute units
Mango: AddPerpMarket DEPRECATED Program 4uQeVj5tqViQh7yWWGStvkEG1Zmhx6uasJtWCJziofM consumed 20430 of 200000 compute units
Mango: AddPerpMarket DEPRECATED Program 4uQeVj5tqViQh7yWWGStvkEG1Zmhx6uasJtWCJziofM consumed 20469 of 200000 compute units
Mango: AddPerpMarket DEPRECATED Program 4uQeVj5tqViQh7yWWGStvkEG1Zmhx6uasJtWCJziofM consumed 4227 of 200000 compute units
Mango: AddPerpMarket DEPRECATED Program 4uQeVj5tqViQh7yWWGStvkEG1Zmhx6uasJtWCJziofM consumed 6112 of 200000 compute units
Mango: AddSpotMarket Program 4uQeVj5tqViQh7yWWGStvkEG1Zmhx6uasJtWCJziofM consumed 19417 of 200000 compute units
Mango: AddSpotMarket Program 4uQeVj5tqViQh7yWWGStvkEG1Zmhx6uasJtWCJziofM consumed 19457 of 200000 compute units
Mango: AddSpotMarket Program 4uQeVj5tqViQh7yWWGStvkEG1Zmhx6uasJtWCJziofM consumed 19496 of 200000 compute units
Mango: AddSpotMarket Program 4uQeVj5tqViQh7yWWGStvkEG1Zmhx6uasJtWCJziofM consumed 19535 of 200000 compute units
Mango: AddSpotMarket Program 4uQeVj5tqViQh7yWWGStvkEG1Zmhx6uasJtWCJziofM consumed 19574 of 200000 compute units
Mango: AddSpotMarket Program 4uQeVj5tqViQh7yWWGStvkEG1Zmhx6uasJtWCJziofM consumed 19613 of 200000 compute units
Mango: AddSpotMarket Program 4uQeVj5tqViQh7yWWGStvkEG1Zmhx6uasJtWCJziofM consumed 19652 of 200000 compute units
Mango: AddSpotMarket Program 4uQeVj5tqViQh7yWWGStvkEG1Zmhx6uasJtWCJziofM consumed 19691 of 200000 compute units
Mango: AddSpotMarket Program 4uQeVj5tqViQh7yWWGStvkEG1Zmhx6uasJtWCJziofM consumed 19730 of 200000 compute units
Mango: AddSpotMarket Program 4uQeVj5tqViQh7yWWGStvkEG1Zmhx6uasJtWCJziofM consumed 19769 of 200000 compute units
Mango: AddSpotMarket Program 4uQeVj5tqViQh7yWWGStvkEG1Zmhx6uasJtWCJziofM consumed 19808 of 200000 compute units
Mango: AddSpotMarket Program 4uQeVj5tqViQh7yWWGStvkEG1Zmhx6uasJtWCJziofM consumed 19847 of 200000 compute units
Mango: AddSpotMarket Program 4uQeVj5tqViQh7yWWGStvkEG1Zmhx6uasJtWCJziofM consumed 19886 of 200000 compute units
Mango: AddSpotMarket Program 4uQeVj5tqViQh7yWWGStvkEG1Zmhx6uasJtWCJziofM consumed 19925 of 200000 compute units
Mango: AddSpotMarket Program 4uQeVj5tqViQh7yWWGStvkEG1Zmhx6uasJtWCJziofM consumed 19964 of 200000 compute units
Mango: AddSpotMarket Program 4uQeVj5tqViQh7yWWGStvkEG1Zmhx6uasJtWCJziofM consumed 3666 of 200000 compute units
Mango: AddSpotMarket Program 4uQeVj5tqViQh7yWWGStvkEG1Zmhx6uasJtWCJziofM consumed 6112 of 200000 compute units
Mango: AddSpotMarket Program 4uQeVj5tqViQh7yWWGStvkEG1Zmhx6uasJtWCJziofM consumed 79637 of 200000 compute units
Mango: CachePerpMarkets Program 4uQeVj5tqViQh7yWWGStvkEG1Zmhx6uasJtWCJziofM consumed 19613 of 200000 compute units
Mango: CachePerpMarkets Program 4uQeVj5tqViQh7yWWGStvkEG1Zmhx6uasJtWCJziofM consumed 23125 of 200000 compute units
Mango: CachePerpMarkets Program 4uQeVj5tqViQh7yWWGStvkEG1Zmhx6uasJtWCJziofM consumed 4227 of 200000 compute units
Mango: CachePrices Program 4uQeVj5tqViQh7yWWGStvkEG1Zmhx6uasJtWCJziofM consumed 18193 of 200000 compute units
Mango: CachePrices Program 4uQeVj5tqViQh7yWWGStvkEG1Zmhx6uasJtWCJziofM consumed 3666 of 200000 compute units
Mango: CachePrices Program 4uQeVj5tqViQh7yWWGStvkEG1Zmhx6uasJtWCJziofM consumed 6112 of 200000 compute units
Mango: CacheRootBanks Program 4uQeVj5tqViQh7yWWGStvkEG1Zmhx6uasJtWCJziofM consumed 24085 of 200000 compute units
Mango: CacheRootBanks Program 4uQeVj5tqViQh7yWWGStvkEG1Zmhx6uasJtWCJziofM consumed 24094 of 200000 compute units
Mango: CacheRootBanks Program 4uQeVj5tqViQh7yWWGStvkEG1Zmhx6uasJtWCJziofM consumed 5692 of 200000 compute units
Mango: ConsumeEvents limit=3 Program 4uQeVj5tqViQh7yWWGStvkEG1Zmhx6uasJtWCJziofM consumed 13399 of 200000 compute units
Mango: InitMangoAccount DEPRECATED Program 4uQeVj5tqViQh7yWWGStvkEG1Zmhx6uasJtWCJziofM consumed 1869 of 200000 compute units
Mango: InitMangoGroup Program 4uQeVj5tqViQh7yWWGStvkEG1Zmhx6uasJtWCJziofM consumed 9706 of 200000 compute units
Mango: PlacePerpOrder client_order_id=10000 Program 4uQeVj5tqViQh7yWWGStvkEG1Zmhx6uasJtWCJziofM consumed 18307 of 200000 compute units
Mango: PlacePerpOrder client_order_id=10001 Program 4uQeVj5tqViQh7yWWGStvkEG1Zmhx6uasJtWCJziofM consumed 16612 of 200000 compute units
Mango: PlacePerpOrder client_order_id=10002 Program 4uQeVj5tqViQh7yWWGStvkEG1Zmhx6uasJtWCJziofM consumed 18207 of 200000 compute units
Mango: PlacePerpOrder client_order_id=10003 Program 4uQeVj5tqViQh7yWWGStvkEG1Zmhx6uasJtWCJziofM consumed 18817 of 200000 compute units
Mango: PlacePerpOrder client_order_id=10008 Program 4uQeVj5tqViQh7yWWGStvkEG1Zmhx6uasJtWCJziofM consumed 80362 of 200000 compute units
Mango: SetOracle Program 4uQeVj5tqViQh7yWWGStvkEG1Zmhx6uasJtWCJziofM consumed 1604 of 200000 compute units
Mango: SetOracle Program 4uQeVj5tqViQh7yWWGStvkEG1Zmhx6uasJtWCJziofM consumed 1644 of 200000 compute units
Mango: SetOracle Program 4uQeVj5tqViQh7yWWGStvkEG1Zmhx6uasJtWCJziofM consumed 1683 of 200000 compute units
Mango: SetOracle Program 4uQeVj5tqViQh7yWWGStvkEG1Zmhx6uasJtWCJziofM consumed 1722 of 200000 compute units
Mango: SetOracle Program 4uQeVj5tqViQh7yWWGStvkEG1Zmhx6uasJtWCJziofM consumed 1761 of 200000 compute units
Mango: SetOracle Program 4uQeVj5tqViQh7yWWGStvkEG1Zmhx6uasJtWCJziofM consumed 1839 of 200000 compute units
Mango: SetOracle Program 4uQeVj5tqViQh7yWWGStvkEG1Zmhx6uasJtWCJziofM consumed 1878 of 200000 compute units
Mango: SetOracle Program 4uQeVj5tqViQh7yWWGStvkEG1Zmhx6uasJtWCJziofM consumed 1917 of 200000 compute units
Mango: SetOracle Program 4uQeVj5tqViQh7yWWGStvkEG1Zmhx6uasJtWCJziofM consumed 1956 of 200000 compute units
Mango: SetOracle Program 4uQeVj5tqViQh7yWWGStvkEG1Zmhx6uasJtWCJziofM consumed 1995 of 200000 compute units
Mango: SetOracle Program 4uQeVj5tqViQh7yWWGStvkEG1Zmhx6uasJtWCJziofM consumed 2034 of 200000 compute units
Mango: SetOracle Program 4uQeVj5tqViQh7yWWGStvkEG1Zmhx6uasJtWCJziofM consumed 2112 of 200000 compute units
Mango: SetOracle Program 4uQeVj5tqViQh7yWWGStvkEG1Zmhx6uasJtWCJziofM consumed 2151 of 200000 compute units
Mango: SettlePnl Program 4uQeVj5tqViQh7yWWGStvkEG1Zmhx6uasJtWCJziofM consumed 19753 of 200000 compute units
Mango: SettlePnl Program 4uQeVj5tqViQh7yWWGStvkEG1Zmhx6uasJtWCJziofM consumed 4705 of 200000 compute units
Mango: UpdateFunding Program 4uQeVj5tqViQh7yWWGStvkEG1Zmhx6uasJtWCJziofM consumed 16350 of 200000 compute units
Mango: UpdateFunding Program 4uQeVj5tqViQh7yWWGStvkEG1Zmhx6uasJtWCJziofM consumed 16809 of 200000 compute units
Mango: UpdateFunding Program 4uQeVj5tqViQh7yWWGStvkEG1Zmhx6uasJtWCJziofM consumed 19652 of 200000 compute units
Mango: UpdateFunding Program 4uQeVj5tqViQh7yWWGStvkEG1Zmhx6uasJtWCJziofM consumed 6112 of 200000 compute units
Mango: UpdateFunding Program 4uQeVj5tqViQh7yWWGStvkEG1Zmhx6uasJtWCJziofM consumed 6145 of 200000 compute units
Mango: UpdateFunding Program 4uQeVj5tqViQh7yWWGStvkEG1Zmhx6uasJtWCJziofM consumed 6152 of 200000 compute units
Mango: UpdateFunding Program 4uQeVj5tqViQh7yWWGStvkEG1Zmhx6uasJtWCJziofM consumed 6185 of 200000 compute units
Mango: UpdateFunding Program 4uQeVj5tqViQh7yWWGStvkEG1Zmhx6uasJtWCJziofM consumed 6191 of 200000 compute units
Mango: UpdateFunding Program 4uQeVj5tqViQh7yWWGStvkEG1Zmhx6uasJtWCJziofM consumed 6224 of 200000 compute units
Mango: UpdateFunding Program 4uQeVj5tqViQh7yWWGStvkEG1Zmhx6uasJtWCJziofM consumed 6230 of 200000 compute units
Mango: UpdateFunding Program 4uQeVj5tqViQh7yWWGStvkEG1Zmhx6uasJtWCJziofM consumed 6263 of 200000 compute units
Mango: UpdateFunding Program 4uQeVj5tqViQh7yWWGStvkEG1Zmhx6uasJtWCJziofM consumed 6269 of 200000 compute units
Mango: UpdateFunding Program 4uQeVj5tqViQh7yWWGStvkEG1Zmhx6uasJtWCJziofM consumed 6308 of 200000 compute units
Mango: UpdateFunding Program 4uQeVj5tqViQh7yWWGStvkEG1Zmhx6uasJtWCJziofM consumed 6313 of 200000 compute units
Mango: UpdateFunding Program 4uQeVj5tqViQh7yWWGStvkEG1Zmhx6uasJtWCJziofM consumed 6347 of 200000 compute units
Mango: UpdateFunding Program 4uQeVj5tqViQh7yWWGStvkEG1Zmhx6uasJtWCJziofM consumed 6352 of 200000 compute units
Mango: UpdateFunding Program 4uQeVj5tqViQh7yWWGStvkEG1Zmhx6uasJtWCJziofM consumed 6380 of 200000 compute units
Mango: UpdateFunding Program 4uQeVj5tqViQh7yWWGStvkEG1Zmhx6uasJtWCJziofM consumed 6386 of 200000 compute units
Mango: UpdateFunding Program 4uQeVj5tqViQh7yWWGStvkEG1Zmhx6uasJtWCJziofM consumed 6419 of 200000 compute units
Mango: UpdateFunding Program 4uQeVj5tqViQh7yWWGStvkEG1Zmhx6uasJtWCJziofM consumed 6425 of 200000 compute units
Mango: UpdateFunding Program 4uQeVj5tqViQh7yWWGStvkEG1Zmhx6uasJtWCJziofM consumed 6464 of 200000 compute units
Mango: UpdateFunding Program 4uQeVj5tqViQh7yWWGStvkEG1Zmhx6uasJtWCJziofM consumed 6497 of 200000 compute units
Mango: UpdateFunding Program 4uQeVj5tqViQh7yWWGStvkEG1Zmhx6uasJtWCJziofM consumed 6503 of 200000 compute units
Mango: UpdateFunding Program 4uQeVj5tqViQh7yWWGStvkEG1Zmhx6uasJtWCJziofM consumed 6536 of 200000 compute units
Mango: UpdateFunding Program 4uQeVj5tqViQh7yWWGStvkEG1Zmhx6uasJtWCJziofM consumed 6542 of 200000 compute units
Mango: UpdateFunding Program 4uQeVj5tqViQh7yWWGStvkEG1Zmhx6uasJtWCJziofM consumed 6575 of 200000 compute units
Mango: UpdateFunding Program 4uQeVj5tqViQh7yWWGStvkEG1Zmhx6uasJtWCJziofM consumed 6581 of 200000 compute units
Mango: UpdateFunding Program 4uQeVj5tqViQh7yWWGStvkEG1Zmhx6uasJtWCJziofM consumed 6620 of 200000 compute units
Mango: UpdateFunding Program 4uQeVj5tqViQh7yWWGStvkEG1Zmhx6uasJtWCJziofM consumed 6653 of 200000 compute units
Mango: UpdateFunding Program 4uQeVj5tqViQh7yWWGStvkEG1Zmhx6uasJtWCJziofM consumed 6659 of 200000 compute units
Mango: UpdateFunding Program 4uQeVj5tqViQh7yWWGStvkEG1Zmhx6uasJtWCJziofM consumed 6692 of 200000 compute units
Mango: UpdateFunding Program 4uQeVj5tqViQh7yWWGStvkEG1Zmhx6uasJtWCJziofM consumed 78615 of 200000 compute units
Mango: UpdateFunding Program 4uQeVj5tqViQh7yWWGStvkEG1Zmhx6uasJtWCJziofM consumed 8523 of 200000 compute units
Mango: UpdateFunding Program 4uQeVj5tqViQh7yWWGStvkEG1Zmhx6uasJtWCJziofM consumed 8590 of 200000 compute units
Mango: UpdateFunding Program 4uQeVj5tqViQh7yWWGStvkEG1Zmhx6uasJtWCJziofM consumed 8785 of 200000 compute units
Mango: UpdateRootBank Program 4uQeVj5tqViQh7yWWGStvkEG1Zmhx6uasJtWCJziofM consumed 11596 of 200000 compute units
Mango: UpdateRootBank Program 4uQeVj5tqViQh7yWWGStvkEG1Zmhx6uasJtWCJziofM consumed 19769 of 200000 compute units
Mango: UpdateRootBank Program 4uQeVj5tqViQh7yWWGStvkEG1Zmhx6uasJtWCJziofM consumed 24085 of 200000 compute units
Mango: UpdateRootBank Program 4uQeVj5tqViQh7yWWGStvkEG1Zmhx6uasJtWCJziofM consumed 6464 of 200000 compute units
Mango: UpdateRootBank Program 4uQeVj5tqViQh7yWWGStvkEG1Zmhx6uasJtWCJziofM consumed 6503 of 200000 compute units
Mango: UpdateRootBank Program 4uQeVj5tqViQh7yWWGStvkEG1Zmhx6uasJtWCJziofM consumed 82879 of 200000 compute units
Mango: UpdateRootBank Program 4uQeVj5tqViQh7yWWGStvkEG1Zmhx6uasJtWCJziofM consumed 8472 of 200000 compute units
Mango: UpdateRootBank Program 4uQeVj5tqViQh7yWWGStvkEG1Zmhx6uasJtWCJziofM consumed 84756 of 200000 compute units
Mango: UpdateRootBank Program 4uQeVj5tqViQh7yWWGStvkEG1Zmhx6uasJtWCJziofM consumed 8476 of 200000 compute units
Mango: UpdateRootBank Program 4uQeVj5tqViQh7yWWGStvkEG1Zmhx6uasJtWCJziofM consumed 8512 of 200000 compute units
Mango: UpdateRootBank Program 4uQeVj5tqViQh7yWWGStvkEG1Zmhx6uasJtWCJziofM consumed 8516 of 200000 compute units
Mango: UpdateRootBank Program 4uQeVj5tqViQh7yWWGStvkEG1Zmhx6uasJtWCJziofM consumed 8551 of 200000 compute units
Mango: UpdateRootBank Program 4uQeVj5tqViQh7yWWGStvkEG1Zmhx6uasJtWCJziofM consumed 8555 of 200000 compute units
Mango: UpdateRootBank Program 4uQeVj5tqViQh7yWWGStvkEG1Zmhx6uasJtWCJziofM consumed 8590 of 200000 compute units
Mango: UpdateRootBank Program 4uQeVj5tqViQh7yWWGStvkEG1Zmhx6uasJtWCJziofM consumed 8594 of 200000 compute units
Mango: UpdateRootBank Program 4uQeVj5tqViQh7yWWGStvkEG1Zmhx6uasJtWCJziofM consumed 8629 of 200000 compute units
Mango: UpdateRootBank Program 4uQeVj5tqViQh7yWWGStvkEG1Zmhx6uasJtWCJziofM consumed 8633 of 200000 compute units
Mango: UpdateRootBank Program 4uQeVj5tqViQh7yWWGStvkEG1Zmhx6uasJtWCJziofM consumed 8668 of 200000 compute units
Mango: UpdateRootBank Program 4uQeVj5tqViQh7yWWGStvkEG1Zmhx6uasJtWCJziofM consumed 8672 of 200000 compute units
Mango: UpdateRootBank Program 4uQeVj5tqViQh7yWWGStvkEG1Zmhx6uasJtWCJziofM consumed 8707 of 200000 compute units
Mango: UpdateRootBank Program 4uQeVj5tqViQh7yWWGStvkEG1Zmhx6uasJtWCJziofM consumed 8711 of 200000 compute units
Mango: UpdateRootBank Program 4uQeVj5tqViQh7yWWGStvkEG1Zmhx6uasJtWCJziofM consumed 8746 of 200000 compute units
Mango: UpdateRootBank Program 4uQeVj5tqViQh7yWWGStvkEG1Zmhx6uasJtWCJziofM consumed 8750 of 200000 compute units
Mango: UpdateRootBank Program 4uQeVj5tqViQh7yWWGStvkEG1Zmhx6uasJtWCJziofM consumed 8785 of 200000 compute units
Mango: UpdateRootBank Program 4uQeVj5tqViQh7yWWGStvkEG1Zmhx6uasJtWCJziofM consumed 8789 of 200000 compute units
Mango: UpdateRootBank Program 4uQeVj5tqViQh7yWWGStvkEG1Zmhx6uasJtWCJziofM consumed 8824 of 200000 compute units
Mango: UpdateRootBank Program 4uQeVj5tqViQh7yWWGStvkEG1Zmhx6uasJtWCJziofM consumed 8828 of 200000 compute units
Mango: UpdateRootBank Program 4uQeVj5tqViQh7yWWGStvkEG1Zmhx6uasJtWCJziofM consumed 8863 of 200000 compute units
Mango: UpdateRootBank Program 4uQeVj5tqViQh7yWWGStvkEG1Zmhx6uasJtWCJziofM consumed 8867 of 200000 compute units
Mango: UpdateRootBank Program 4uQeVj5tqViQh7yWWGStvkEG1Zmhx6uasJtWCJziofM consumed 8902 of 200000 compute units
Mango: UpdateRootBank Program 4uQeVj5tqViQh7yWWGStvkEG1Zmhx6uasJtWCJziofM consumed 8906 of 200000 compute units
Mango: UpdateRootBank Program 4uQeVj5tqViQh7yWWGStvkEG1Zmhx6uasJtWCJziofM consumed 8941 of 200000 compute units
Mango: UpdateRootBank Program 4uQeVj5tqViQh7yWWGStvkEG1Zmhx6uasJtWCJziofM consumed 8954 of 200000 compute units
Mango: UpdateRootBank Program 4uQeVj5tqViQh7yWWGStvkEG1Zmhx6uasJtWCJziofM consumed 8980 of 200000 compute units
Mango: UpdateRootBank Program 4uQeVj5tqViQh7yWWGStvkEG1Zmhx6uasJtWCJziofM consumed 8984 of 200000 compute units
Mango: UpdateRootBank Program 4uQeVj5tqViQh7yWWGStvkEG1Zmhx6uasJtWCJziofM consumed 9019 of 200000 compute units
Mango: UpdateRootBank Program 4uQeVj5tqViQh7yWWGStvkEG1Zmhx6uasJtWCJziofM consumed 9023 of 200000 compute units
Mango: UpdateRootBank Program 4uQeVj5tqViQh7yWWGStvkEG1Zmhx6uasJtWCJziofM consumed 9062 of 200000 compute units
Mango: UpdateRootBank Program 4uQeVj5tqViQh7yWWGStvkEG1Zmhx6uasJtWCJziofM consumed 9312 of 200000 compute units
Mango: UpdateRootBank Program 4uQeVj5tqViQh7yWWGStvkEG1Zmhx6uasJtWCJziofM consumed 9313 of 200000 compute units
Mango: UpdateRootBank Program 4uQeVj5tqViQh7yWWGStvkEG1Zmhx6uasJtWCJziofM consumed 9317 of 200000 compute units
Mango: UpdateRootBank Program 4uQeVj5tqViQh7yWWGStvkEG1Zmhx6uasJtWCJziofM consumed 9342 of 200000 compute units
Mango: UpdateRootBank Program 4uQeVj5tqViQh7yWWGStvkEG1Zmhx6uasJtWCJziofM consumed 9899 of 200000 compute units
