Mango: AddOracle Program 4uQeVj5tqViQh7yWWGStvkEG1Zmhx6uasJtWCJziofM consumed 1899 of 173414 compute units
Mango: AddOracle Program 4uQeVj5tqViQh7yWWGStvkEG1Zmhx6uasJtWCJziofM consumed 1899 of 175313 compute units
Mango: AddOracle Program 4uQeVj5tqViQh7yWWGStvkEG1Zmhx6uasJtWCJziofM consumed 1899 of 177212 compute units
Mango: AddOracle Program 4uQeVj5tqViQh7yWWGStvkEG1Zmhx6uasJtWCJziofM consumed 1899 of 179111 compute units
Mango: AddOracle Program 4uQeVj5tqViQh7yWWGStvkEG1Zmhx6uasJtWCJziofM consumed 1899 of 181010 compute units
Mango: AddOracle Program 4uQeVj5tqViQh7yWWGStvkEG1Zmhx6uasJtWCJziofM consumed 1899 of 182909 compute units
Mango: AddOracle Program 4uQeVj5tqViQh7yWWGStvkEG1Zmhx6uasJtWCJziofM consumed 1899 of 184808 compute units
Mango: AddOracle Program 4uQeVj5tqViQh7yWWGStvkEG1Zmhx6uasJtWCJziofM consumed 1899 of 186707 compute units
Mango: AddOracle Program 4uQeVj5tqViQh7yWWGStvkEG1Zmhx6uasJtWCJziofM consumed 1899 of 188606 compute units
Mango: AddOracle Program 4uQeVj5tqViQh7yWWGStvkEG1Zmhx6uasJtWCJziofM consumed 1899 of 190505 compute units
Mango: AddOracle Program 4uQeVj5tqViQh7yWWGStvkEG1Zmhx6uasJtWCJziofM consumed 1899 of 192404 compute units
Mango: AddOracle Program 4uQeVj5tqViQh7yWWGStvkEG1Zmhx6uasJtWCJziofM consumed 1899 of 194303 compute units
Mango: AddOracle Program 4uQeVj5tqViQh7yWWGStvkEG1Zmhx6uasJtWCJziofM consumed 1899 of 196202 compute units
Mango: AddOracle Program 4uQeVj5tqViQh7yWWGStvkEG1Zmhx6uasJtWCJziofM consumed 1899 of 198101 compute units
Mango: AddOracle Program 4uQeVj5tqViQh7yWWGStvkEG1Zmhx6uasJtWCJziofM consumed 1899 of 200000 compute units
Mango: AddPerpMarket DEPRECATED Program 4uQeVj5tqViQh7yWWGStvkEG1Zmhx6uasJtWCJziofM consumed 19763 of 200000 compute units
Mango: AddPerpMarket DEPRECATED Program 4uQeVj5tqViQh7yWWGStvkEG1Zmhx6uasJtWCJziofM consumed 19778 of 200000 compute units
Mango: AddPerpMarket DEPRECATED Program 4uQeVj5tqViQh7yWWGStvkEG1Zmhx6uasJtWCJziofM consumed 19803 of 200000 compute units
Mango: AddPerpMarket DEPRECATED Program 4uQeVj5tqViQh7yWWGStvkEG1Zmhx6uasJtWCJziofM consumed 19818 of 200000 compute units
Mango: AddPerpMarket DEPRECATED Program 4uQeVj5tqViQh7yWWGStvkEG1Zmhx6uasJtWCJziofM consumed 19842 of 200000 compute units
Mango: AddPerpMarket DEPRECATED Program 4uQeVj5tqViQh7yWWGStvkEG1Zmhx6uasJtWCJziofM consumed 19881 of 200000 compute units
Mango: AddPerpMarket DEPRECATED Program 4uQeVj5tqViQh7yWWGStvkEG1Zmhx6uasJtWCJziofM consumed 19896 of 200000 compute units
Mango: AddPerpMarket DEPRECATED Program 4uQeVj5tqViQh7yWWGStvkEG1Zmhx6uasJtWCJziofM consumed 19920 of 200000 compute units
Mango: AddPerpMarket DEPRECATED Program 4uQeVj5tqViQh7yWWGStvkEG1Zmhx6uasJtWCJziofM consumed 19935 of 200000 compute units
Mango: AddPerpMarket DEPRECATED Program 4uQeVj5tqViQh7yWWGStvkEG1Zmhx6uasJtWCJziofM consumed 19959 of 200000 compute units
Mango: AddPerpMarket DEPRECATED Program 4uQeVj5tqViQh7yWWGStvkEG1Zmhx6uasJtWCJziofM consumed 19998 of 200000 compute units
Mango: AddPerpMarket DEPRECATED Program 4uQeVj5tqViQh7yWWGStvkEG1Zmhx6uasJtWCJziofM consumed 20013 of 200000 compute units
Mango: AddPerpMarket DEPRECATED Program 4uQeVj5tqViQh7yWWGStvkEG1Zmhx6uasJtWCJziofM consumed 20037 of 200000 compute units
Mango: AddPerpMarket DEPRECATED Program 4uQeVj5tqViQh7yWWGStvkEG1Zmhx6uasJtWCJziofM consumed 20052 of 200000 compute units
Mango: AddPerpMarket DEPRECATED Program 4uQeVj5tqViQh7yWWGStvkEG1Zmhx6uasJtWCJziofM consumed 20076 of 200000 compute units
Mango: AddPerpMarket DEPRECATED Program 4uQeVj5tqViQh7yWWGStvkEG1Zmhx6uasJtWCJziofM consumed 20091 of 200000 compute units
Mango: AddPerpMarket DEPRECATED Program 4uQeVj5tqViQh7yWWGStvkEG1Zmhx6uasJtWCJziofM consumed 20115 of 200000 compute units
Mango: AddPerpMarket DEPRECATED Program 4uQeVj5tqViQh7yWWGStvkEG1Zmhx6uasJtWCJziofM consumed 20154 of 200000 compute units
Mango: AddPerpMarket DEPRECATED Program 4uQeVj5tqViQh7yWWGStvkEG1Zmhx6uasJtWCJziofM consumed 20169 of 200000 compute units
Mango: AddPerpMarket DEPRECATED Program 4uQeVj5tqViQh7yWWGStvkEG1Zmhx6uasJtWCJziofM consumed 20193 of 200000 compute units
Mango: AddPerpMarket DEPRECATED Program 4uQeVj5tqViQh7yWWGStvkEG1Zmhx6uasJtWCJziofM consumed 20217 of 200000 compute units
Mango: AddPerpMarket DEPRECATED Program 4uQeVj5tqViQh7yWWGStvkEG1Zmhx6uasJtWCJziofM consumed 20232 of 200000 compute units
Mango: AddPerpMarket DEPRECATED Program 4uQeVj5tqViQh7yWWGStvkEG1Zmhx6uasJtWCJziofM consumed 20271 of 200000 compute units
Mango: AddPerpMarket DEPRECATED Program 4uQeVj5tqViQh7yWWGStvkEG1Zmhx6uasJtWCJziofM consumed 20310 of 200000 compute units
Mango: AddPerpMarket DEPRECATED Program 4uQeVj5tqViQh7yWWGStvkEG1Zmhx6uasJtWCJziofM consumed 20325 of 200000 compute units
Mango: AddPerpMarket DEPRECATED Program 4uQeVj5tqViQh7yWWGStvkEG1Zmhx6uasJtWCJziofM consumed 54418 of 200000 compute units
Mango: AddPerpMarket DEPRECATED Program 4uQeVj5tqViQh7yWWGStvkEG1Zmhx6uasJtWCJziofM consumed 54646 of 200000 compute units
Mango: AddPerpMarket DEPRECATED Program 4uQeVj5tqViQh7yWWGStvkEG1Zmhx6uasJtWCJziofM consumed 9103 of 200000 compute units
Mango: AddPerpTriggerOrder client_order_id=20001 type=Limit side=Ask trigger_condition=Above price=100000 quantity=90000 trigger=100 Program 4uQeVj5tqViQh7yWWGStvkEG1Zmhx6uasJtWCJziofM consumed 8797 of 200000 compute units
Mango: AddPerpTriggerOrder client_order_id=20002 type=Limit side=Ask trigger_condition=Above price=100000 quantity=10 trigger=100 Program 4uQeVj5tqViQh7yWWGStvkEG1Zmhx6uasJtWCJziofM consumed 8789 of 200000 compute units
Mango: AddPerpTriggerOrder client_order_id=20003 type=Market side=Bid trigger_condition=Above price=99000 quantity=10 trigger=100 Program 4uQeVj5tqViQh7yWWGStvkEG1Zmhx6uasJtWCJziofM consumed 8792 of 200000 compute units
Mango: AddSpotMarket Program 4uQeVj5tqViQh7yWWGStvkEG1Zmhx6uasJtWCJziofM consumed 19168 of 200000 compute units
Mango: AddSpotMarket Program 4uQeVj5tqViQh7yWWGStvkEG1Zmhx6uasJtWCJziofM consumed 19208 of 200000 compute units
Mango: AddSpotMarket Program 4uQeVj5tqViQh7yWWGStvkEG1Zmhx6uasJtWCJziofM consumed 19247 of 200000 compute units
Mango: AddSpotMarket Program 4uQeVj5tqViQh7yWWGStvkEG1Zmhx6uasJtWCJziofM consumed 19286 of 200000 compute units
Mango: AddSpotMarket Program 4uQeVj5tqViQh7yWWGStvkEG1Zmhx6uasJtWCJziofM consumed 19325 of 200000 compute units
Mango: AddSpotMarket Program 4uQeVj5tqViQh7yWWGStvkEG1Zmhx6uasJtWCJziofM consumed 19364 of 200000 compute units
Mango: AddSpotMarket Program 4uQeVj5tqViQh7yWWGStvkEG1Zmhx6uasJtWCJziofM consumed 19403 of 200000 compute units
Mango: AddSpotMarket Program 4uQeVj5tqViQh7yWWGStvkEG1Zmhx6uasJtWCJziofM consumed 19442 of 200000 compute units
Mango: AddSpotMarket Program 4uQeVj5tqViQh7yWWGStvkEG1Zmhx6uasJtWCJziofM consumed 19481 of 200000 compute units
Mango: AddSpotMarket Program 4uQeVj5tqViQh7yWWGStvkEG1Zmhx6uasJtWCJziofM consumed 19520 of 200000 compute units
Mango: AddSpotMarket Program 4uQeVj5tqViQh7yWWGStvkEG1Zmhx6uasJtWCJziofM consumed 19559 of 200000 compute units
Mango: AddSpotMarket Program 4uQeVj5tqViQh7yWWGStvkEG1Zmhx6uasJtWCJziofM consumed 19598 of 200000 compute units
Mango: AddSpotMarket Program 4uQeVj5tqViQh7yWWGStvkEG1Zmhx6uasJtWCJziofM consumed 19637 of 200000 compute units
Mango: AddSpotMarket Program 4uQeVj5tqViQh7yWWGStvkEG1Zmhx6uasJtWCJziofM consumed 19676 of 200000 compute units
Mango: AddSpotMarket Program 4uQeVj5tqViQh7yWWGStvkEG1Zmhx6uasJtWCJziofM consumed 19715 of 200000 compute units
Mango: AddSpotMarket Program 4uQeVj5tqViQh7yWWGStvkEG1Zmhx6uasJtWCJziofM consumed 54442 of 200000 compute units
Mango: CachePerpMarkets Program 4uQeVj5tqViQh7yWWGStvkEG1Zmhx6uasJtWCJziofM consumed 22872 of 200000 compute units
Mango: CachePerpMarkets Program 4uQeVj5tqViQh7yWWGStvkEG1Zmhx6uasJtWCJziofM consumed 22881 of 200000 compute units
Mango: CachePerpMarkets Program 4uQeVj5tqViQh7yWWGStvkEG1Zmhx6uasJtWCJziofM consumed 2561 of 200000 compute units
Mango: CachePerpMarkets Program 4uQeVj5tqViQh7yWWGStvkEG1Zmhx6uasJtWCJziofM consumed 4019 of 200000 compute units
Mango: CachePrices Program 4uQeVj5tqViQh7yWWGStvkEG1Zmhx6uasJtWCJziofM consumed 17953 of 200000 compute units
Mango: CachePrices Program 4uQeVj5tqViQh7yWWGStvkEG1Zmhx6uasJtWCJziofM consumed 17962 of 200000 compute units
Mango: CachePrices Program 4uQeVj5tqViQh7yWWGStvkEG1Zmhx6uasJtWCJziofM consumed 20247 of 200000 compute units
Mango: CachePrices Program 4uQeVj5tqViQh7yWWGStvkEG1Zmhx6uasJtWCJziofM consumed 3449 of 200000 compute units
Mango: CacheRootBanks Program 4uQeVj5tqViQh7yWWGStvkEG1Zmhx6uasJtWCJziofM consumed 23830 of 200000 compute units
Mango: CacheRootBanks Program 4uQeVj5tqViQh7yWWGStvkEG1Zmhx6uasJtWCJziofM consumed 23839 of 200000 compute units
Mango: CacheRootBanks Program 4uQeVj5tqViQh7yWWGStvkEG1Zmhx6uasJtWCJziofM consumed 4565 of 200000 compute units
Mango: CacheRootBanks Program 4uQeVj5tqViQh7yWWGStvkEG1Zmhx6uasJtWCJziofM consumed 5482 of 200000 compute units
Mango: CacheRootBanks Program 4uQeVj5tqViQh7yWWGStvkEG1Zmhx6uasJtWCJziofM consumed 9689 of 200000 compute units
Mango: ConsumeEvents limit=3 Program 4uQeVj5tqViQh7yWWGStvkEG1Zmhx6uasJtWCJziofM consumed 13066 of 200000 compute units
Mango: Deposit Program 4uQeVj5tqViQh7yWWGStvkEG1Zmhx6uasJtWCJziofM consumed 19857 of 200000 compute units
Mango: Deposit Program 4uQeVj5tqViQh7yWWGStvkEG1Zmhx6uasJtWCJziofM consumed 6116 of 200000 compute units
Mango: Deposit Program 4uQeVj5tqViQh7yWWGStvkEG1Zmhx6uasJtWCJziofM consumed 6194 of 200000 compute units
Mango: Deposit Program 4uQeVj5tqViQh7yWWGStvkEG1Zmhx6uasJtWCJziofM consumed 6272 of 200000 compute units
Mango: Deposit Program 4uQeVj5tqViQh7yWWGStvkEG1Zmhx6uasJtWCJziofM consumed 8419 of 200000 compute units
Mango: Deposit Program 4uQeVj5tqViQh7yWWGStvkEG1Zmhx6uasJtWCJziofM consumed 8575 of 200000 compute units
Mango: Deposit Program 4uQeVj5tqViQh7yWWGStvkEG1Zmhx6uasJtWCJziofM consumed 8653 of 200000 compute units
Mango: ExecutePerpTriggerOrder 0 Program 4uQeVj5tqViQh7yWWGStvkEG1Zmhx6uasJtWCJziofM consumed 15104 of 200000 compute units
Mango: ExecutePerpTriggerOrder 1 Program 4uQeVj5tqViQh7yWWGStvkEG1Zmhx6uasJtWCJziofM consumed 24351 of 200000 compute units
Mango: InitAdvancedOrders Program 4uQeVj5tqViQh7yWWGStvkEG1Zmhx6uasJtWCJziofM consumed 6516 of 200000 compute units
Mango: InitMangoAccount DEPRECATED Program 4uQeVj5tqViQh7yWWGStvkEG1Zmhx6uasJtWCJziofM consumed 1793 of 200000 compute units
Mango: InitMangoAccount DEPRECATED Program 4uQeVj5tqViQh7yWWGStvkEG1Zmhx6uasJtWCJziofM consumed 19763 of 200000 compute units
Mango: InitMangoGroup Program 4uQeVj5tqViQh7yWWGStvkEG1Zmhx6uasJtWCJziofM consumed 9218 of 200000 compute units
Mango: PlacePerpOrder client_order_id=10000 Program 4uQeVj5tqViQh7yWWGStvkEG1Zmhx6uasJtWCJziofM consumed 16902 of 200000 compute units
Mango: PlacePerpOrder client_order_id=10000 Program 4uQeVj5tqViQh7yWWGStvkEG1Zmhx6uasJtWCJziofM consumed 18076 of 200000 compute units
Mango: PlacePerpOrder client_order_id=10000 Program 4uQeVj5tqViQh7yWWGStvkEG1Zmhx6uasJtWCJziofM consumed 19974 of 200000 compute units
Mango: PlacePerpOrder client_order_id=10001 Program 4uQeVj5tqViQh7yWWGStvkEG1Zmhx6uasJtWCJziofM consumed 16437 of 200000 compute units
Mango: PlacePerpOrder client_order_id=10002 Program 4uQeVj5tqViQh7yWWGStvkEG1Zmhx6uasJtWCJziofM consumed 17976 of 200000 compute units
Mango: PlacePerpOrder client_order_id=10003 Program 4uQeVj5tqViQh7yWWGStvkEG1Zmhx6uasJtWCJziofM consumed 18586 of 200000 compute units
Mango: PlacePerpOrder client_order_id=10007 Program 4uQeVj5tqViQh7yWWGStvkEG1Zmhx6uasJtWCJziofM consumed 79258 of 200000 compute units
Mango: PlaceSpotOrder Program 4uQeVj5tqViQh7yWWGStvkEG1Zmhx6uasJtWCJziofM consumed 23839 of 200000 compute units
Mango: PlaceSpotOrder Program 4uQeVj5tqViQh7yWWGStvkEG1Zmhx6uasJtWCJziofM consumed 7724 of 200000 compute units
Mango: PlaceSpotOrder Program 4uQeVj5tqViQh7yWWGStvkEG1Zmhx6uasJtWCJziofM consumed 8770 of 200000 compute units
Mango: SetDelegate Program 4uQeVj5tqViQh7yWWGStvkEG1Zmhx6uasJtWCJziofM consumed 1374 of 200000 compute units
Mango: SetDelegate Program 4uQeVj5tqViQh7yWWGStvkEG1Zmhx6uasJtWCJziofM consumed 1375 of 200000 compute units
Mango: SetOracle Program 4uQeVj5tqViQh7yWWGStvkEG1Zmhx6uasJtWCJziofM consumed 1500 of 200000 compute units
Mango: SetOracle Program 4uQeVj5tqViQh7yWWGStvkEG1Zmhx6uasJtWCJziofM consumed 1540 of 200000 compute units
Mango: SetOracle Program 4uQeVj5tqViQh7yWWGStvkEG1Zmhx6uasJtWCJziofM consumed 1579 of 200000 compute units
Mango: SetOracle Program 4uQeVj5tqViQh7yWWGStvkEG1Zmhx6uasJtWCJziofM consumed 1618 of 200000 compute units
Mango: SetOracle Program 4uQeVj5tqViQh7yWWGStvkEG1Zmhx6uasJtWCJziofM consumed 1657 of 200000 compute units
Mango: SetOracle Program 4uQeVj5tqViQh7yWWGStvkEG1Zmhx6uasJtWCJziofM consumed 1813 of 200000 compute units
Mango: SetOracle Program 4uQeVj5tqViQh7yWWGStvkEG1Zmhx6uasJtWCJziofM consumed 1852 of 200000 compute units
Mango: SetOracle Program 4uQeVj5tqViQh7yWWGStvkEG1Zmhx6uasJtWCJziofM consumed 1891 of 200000 compute units
Mango: SetOracle Program 4uQeVj5tqViQh7yWWGStvkEG1Zmhx6uasJtWCJziofM consumed 1930 of 200000 compute units
Mango: SetOracle Program 4uQeVj5tqViQh7yWWGStvkEG1Zmhx6uasJtWCJziofM consumed 1969 of 200000 compute units
Mango: SetOracle Program 4uQeVj5tqViQh7yWWGStvkEG1Zmhx6uasJtWCJziofM consumed 2008 of 200000 compute units
Mango: SetOracle Program 4uQeVj5tqViQh7yWWGStvkEG1Zmhx6uasJtWCJziofM consumed 2047 of 200000 compute units
Mango: SettlePnl Program 4uQeVj5tqViQh7yWWGStvkEG1Zmhx6uasJtWCJziofM consumed 19316 of 200000 compute units
Mango: UpdateFunding Program 4uQeVj5tqViQh7yWWGStvkEG1Zmhx6uasJtWCJziofM consumed 16119 of 200000 compute units
Mango: UpdateFunding Program 4uQeVj5tqViQh7yWWGStvkEG1Zmhx6uasJtWCJziofM consumed 16578 of 200000 compute units
Mango: UpdateFunding Program 4uQeVj5tqViQh7yWWGStvkEG1Zmhx6uasJtWCJziofM consumed 5881 of 200000 compute units
Mango: UpdateFunding Program 4uQeVj5tqViQh7yWWGStvkEG1Zmhx6uasJtWCJziofM consumed 5914 of 200000 compute units
Mango: UpdateFunding Program 4uQeVj5tqViQh7yWWGStvkEG1Zmhx6uasJtWCJziofM consumed 5921 of 200000 compute units
Mango: UpdateFunding Program 4uQeVj5tqViQh7yWWGStvkEG1Zmhx6uasJtWCJziofM consumed 5960 of 200000 compute units
Mango: UpdateFunding Program 4uQeVj5tqViQh7yWWGStvkEG1Zmhx6uasJtWCJziofM consumed 5993 of 200000 compute units
Mango: UpdateFunding Program 4uQeVj5tqViQh7yWWGStvkEG1Zmhx6uasJtWCJziofM consumed 5999 of 200000 compute units
Mango: UpdateFunding Program 4uQeVj5tqViQh7yWWGStvkEG1Zmhx6uasJtWCJziofM consumed 6008 of 200000 compute units
Mango: UpdateFunding Program 4uQeVj5tqViQh7yWWGStvkEG1Zmhx6uasJtWCJziofM consumed 6032 of 200000 compute units
Mango: UpdateFunding Program 4uQeVj5tqViQh7yWWGStvkEG1Zmhx6uasJtWCJziofM consumed 6038 of 200000 compute units
Mango: UpdateFunding Program 4uQeVj5tqViQh7yWWGStvkEG1Zmhx6uasJtWCJziofM consumed 6077 of 200000 compute units
Mango: UpdateFunding Program 4uQeVj5tqViQh7yWWGStvkEG1Zmhx6uasJtWCJziofM consumed 6082 of 200000 compute units
Mango: UpdateFunding Program 4uQeVj5tqViQh7yWWGStvkEG1Zmhx6uasJtWCJziofM consumed 6116 of 200000 compute units
Mango: UpdateFunding Program 4uQeVj5tqViQh7yWWGStvkEG1Zmhx6uasJtWCJziofM consumed 6121 of 200000 compute units
Mango: UpdateFunding Program 4uQeVj5tqViQh7yWWGStvkEG1Zmhx6uasJtWCJziofM consumed 6149 of 200000 compute units
Mango: UpdateFunding Program 4uQeVj5tqViQh7yWWGStvkEG1Zmhx6uasJtWCJziofM consumed 6155 of 200000 compute units
Mango: UpdateFunding Program 4uQeVj5tqViQh7yWWGStvkEG1Zmhx6uasJtWCJziofM consumed 6188 of 200000 compute units
Mango: UpdateFunding Program 4uQeVj5tqViQh7yWWGStvkEG1Zmhx6uasJtWCJziofM consumed 6194 of 200000 compute units
Mango: UpdateFunding Program 4uQeVj5tqViQh7yWWGStvkEG1Zmhx6uasJtWCJziofM consumed 6227 of 200000 compute units
Mango: UpdateFunding Program 4uQeVj5tqViQh7yWWGStvkEG1Zmhx6uasJtWCJziofM consumed 6233 of 200000 compute units
Mango: UpdateFunding Program 4uQeVj5tqViQh7yWWGStvkEG1Zmhx6uasJtWCJziofM consumed 6266 of 200000 compute units
Mango: UpdateFunding Program 4uQeVj5tqViQh7yWWGStvkEG1Zmhx6uasJtWCJziofM consumed 6272 of 200000 compute units
Mango: UpdateFunding Program 4uQeVj5tqViQh7yWWGStvkEG1Zmhx6uasJtWCJziofM consumed 6305 of 200000 compute units
Mango: UpdateFunding Program 4uQeVj5tqViQh7yWWGStvkEG1Zmhx6uasJtWCJziofM consumed 6311 of 200000 compute units
Mango: UpdateFunding Program 4uQeVj5tqViQh7yWWGStvkEG1Zmhx6uasJtWCJziofM consumed 6350 of 200000 compute units
Mango: UpdateFunding Program 4uQeVj5tqViQh7yWWGStvkEG1Zmhx6uasJtWCJziofM consumed 6383 of 200000 compute units
Mango: UpdateFunding Program 4uQeVj5tqViQh7yWWGStvkEG1Zmhx6uasJtWCJziofM consumed 6389 of 200000 compute units
Mango: UpdateFunding Program 4uQeVj5tqViQh7yWWGStvkEG1Zmhx6uasJtWCJziofM consumed 6422 of 200000 compute units
Mango: UpdateFunding Program 4uQeVj5tqViQh7yWWGStvkEG1Zmhx6uasJtWCJziofM consumed 6428 of 200000 compute units
Mango: UpdateFunding Program 4uQeVj5tqViQh7yWWGStvkEG1Zmhx6uasJtWCJziofM consumed 6461 of 200000 compute units
Mango: UpdateFunding Program 4uQeVj5tqViQh7yWWGStvkEG1Zmhx6uasJtWCJziofM consumed 8575 of 200000 compute units
Mango: UpdateFunding Program 4uQeVj5tqViQh7yWWGStvkEG1Zmhx6uasJtWCJziofM consumed 8614 of 200000 compute units
Mango: UpdateRootBank Program 4uQeVj5tqViQh7yWWGStvkEG1Zmhx6uasJtWCJziofM consumed 11386 of 200000 compute units
Mango: UpdateRootBank Program 4uQeVj5tqViQh7yWWGStvkEG1Zmhx6uasJtWCJziofM consumed 34608 of 200000 compute units
Mango: UpdateRootBank Program 4uQeVj5tqViQh7yWWGStvkEG1Zmhx6uasJtWCJziofM consumed 6350 of 200000 compute units
Mango: UpdateRootBank Program 4uQeVj5tqViQh7yWWGStvkEG1Zmhx6uasJtWCJziofM consumed 80131 of 200000 compute units
Mango: UpdateRootBank Program 4uQeVj5tqViQh7yWWGStvkEG1Zmhx6uasJtWCJziofM consumed 81010 of 200000 compute units
Mango: UpdateRootBank Program 4uQeVj5tqViQh7yWWGStvkEG1Zmhx6uasJtWCJziofM consumed 81889 of 200000 compute units
Mango: UpdateRootBank Program 4uQeVj5tqViQh7yWWGStvkEG1Zmhx6uasJtWCJziofM consumed 8262 of 200000 compute units
Mango: UpdateRootBank Program 4uQeVj5tqViQh7yWWGStvkEG1Zmhx6uasJtWCJziofM consumed 8266 of 200000 compute units
Mango: UpdateRootBank Program 4uQeVj5tqViQh7yWWGStvkEG1Zmhx6uasJtWCJziofM consumed 82768 of 200000 compute units
Mango: UpdateRootBank Program 4uQeVj5tqViQh7yWWGStvkEG1Zmhx6uasJtWCJziofM consumed 8302 of 200000 compute units
Mango: UpdateRootBank Program 4uQeVj5tqViQh7yWWGStvkEG1Zmhx6uasJtWCJziofM consumed 8306 of 200000 compute units
Mango: UpdateRootBank Program 4uQeVj5tqViQh7yWWGStvkEG1Zmhx6uasJtWCJziofM consumed 8341 of 200000 compute units
Mango: UpdateRootBank Program 4uQeVj5tqViQh7yWWGStvkEG1Zmhx6uasJtWCJziofM consumed 8345 of 200000 compute units
Mango: UpdateRootBank Program 4uQeVj5tqViQh7yWWGStvkEG1Zmhx6uasJtWCJziofM consumed 8380 of 200000 compute units
Mango: UpdateRootBank Program 4uQeVj5tqViQh7yWWGStvkEG1Zmhx6uasJtWCJziofM consumed 8384 of 200000 compute units
Mango: UpdateRootBank Program 4uQeVj5tqViQh7yWWGStvkEG1Zmhx6uasJtWCJziofM consumed 8419 of 200000 compute units
Mango: UpdateRootBank Program 4uQeVj5tqViQh7yWWGStvkEG1Zmhx6uasJtWCJziofM consumed 8423 of 200000 compute units
Mango: UpdateRootBank Program 4uQeVj5tqViQh7yWWGStvkEG1Zmhx6uasJtWCJziofM consumed 8458 of 200000 compute units
Mango: UpdateRootBank Program 4uQeVj5tqViQh7yWWGStvkEG1Zmhx6uasJtWCJziofM consumed 8462 of 200000 compute units
Mango: UpdateRootBank Program 4uQeVj5tqViQh7yWWGStvkEG1Zmhx6uasJtWCJziofM consumed 8497 of 200000 compute units
Mango: UpdateRootBank Program 4uQeVj5tqViQh7yWWGStvkEG1Zmhx6uasJtWCJziofM consumed 8501 of 200000 compute units
Mango: UpdateRootBank Program 4uQeVj5tqViQh7yWWGStvkEG1Zmhx6uasJtWCJziofM consumed 8536 of 200000 compute units
Mango: UpdateRootBank Program 4uQeVj5tqViQh7yWWGStvkEG1Zmhx6uasJtWCJziofM consumed 8540 of 200000 compute units
Mango: UpdateRootBank Program 4uQeVj5tqViQh7yWWGStvkEG1Zmhx6uasJtWCJziofM consumed 8575 of 200000 compute units
Mango: UpdateRootBank Program 4uQeVj5tqViQh7yWWGStvkEG1Zmhx6uasJtWCJziofM consumed 8579 of 200000 compute units
Mango: UpdateRootBank Program 4uQeVj5tqViQh7yWWGStvkEG1Zmhx6uasJtWCJziofM consumed 8614 of 200000 compute units
Mango: UpdateRootBank Program 4uQeVj5tqViQh7yWWGStvkEG1Zmhx6uasJtWCJziofM consumed 8618 of 200000 compute units
Mango: UpdateRootBank Program 4uQeVj5tqViQh7yWWGStvkEG1Zmhx6uasJtWCJziofM consumed 8653 of 200000 compute units
Mango: UpdateRootBank Program 4uQeVj5tqViQh7yWWGStvkEG1Zmhx6uasJtWCJziofM consumed 8657 of 200000 compute units
Mango: UpdateRootBank Program 4uQeVj5tqViQh7yWWGStvkEG1Zmhx6uasJtWCJziofM consumed 8696 of 200000 compute units
Mango: UpdateRootBank Program 4uQeVj5tqViQh7yWWGStvkEG1Zmhx6uasJtWCJziofM consumed 8701 of 200000 compute units
Mango: UpdateRootBank Program 4uQeVj5tqViQh7yWWGStvkEG1Zmhx6uasJtWCJziofM consumed 8705 of 200000 compute units
Mango: UpdateRootBank Program 4uQeVj5tqViQh7yWWGStvkEG1Zmhx6uasJtWCJziofM consumed 8731 of 200000 compute units
Mango: UpdateRootBank Program 4uQeVj5tqViQh7yWWGStvkEG1Zmhx6uasJtWCJziofM consumed 8735 of 200000 compute units
Mango: UpdateRootBank Program 4uQeVj5tqViQh7yWWGStvkEG1Zmhx6uasJtWCJziofM consumed 8770 of 200000 compute units
Mango: UpdateRootBank Program 4uQeVj5tqViQh7yWWGStvkEG1Zmhx6uasJtWCJziofM consumed 8774 of 200000 compute units
Mango: UpdateRootBank Program 4uQeVj5tqViQh7yWWGStvkEG1Zmhx6uasJtWCJziofM consumed 8809 of 200000 compute units
Mango: UpdateRootBank Program 4uQeVj5tqViQh7yWWGStvkEG1Zmhx6uasJtWCJziofM consumed 8813 of 200000 compute units
Mango: UpdateRootBank Program 4uQeVj5tqViQh7yWWGStvkEG1Zmhx6uasJtWCJziofM consumed 8852 of 200000 compute units
Mango: UpdateRootBank Program 4uQeVj5tqViQh7yWWGStvkEG1Zmhx6uasJtWCJziofM consumed 9102 of 200000 compute units
Mango: UpdateRootBank Program 4uQeVj5tqViQh7yWWGStvkEG1Zmhx6uasJtWCJziofM consumed 9103 of 200000 compute units
Mango: UpdateRootBank Program 4uQeVj5tqViQh7yWWGStvkEG1Zmhx6uasJtWCJziofM consumed 9107 of 200000 compute units
Mango: UpdateRootBank Program 4uQeVj5tqViQh7yWWGStvkEG1Zmhx6uasJtWCJziofM consumed 9132 of 200000 compute units
Mango: UpdateRootBank Program 4uQeVj5tqViQh7yWWGStvkEG1Zmhx6uasJtWCJziofM consumed 9689 of 200000 compute units
Mango: Withdraw Program 4uQeVj5tqViQh7yWWGStvkEG1Zmhx6uasJtWCJziofM consumed 5142 of 200000 compute units
