   1 AddOracle,20512
   1 AddPerpMarket,56013
   1 AddPerpTriggerOrder,11760
   1 AddSpotMarket,91739
   1 CachePerpMarkets,23481
   1 CachePrices,21086
   1 CacheRootBanks,24418
   1 ConsumeEvents,20337
   1 CreateMangoAccount,11837
   1 CreateSpotOpenOrders,19242
   1 Deposit,20618
   1 ExecutePerpTriggerOrder,28875
   1 InitAdvancedOrders,6497
   1 LiquidatePerpMarket,28467
   1 LiquidateTokenAndPerp,37542
   1 LiquidateTokenAndToken,56363
   1 PlacePerpOrder,62186
   1 PlaceSpotOrder,24427
   1 RemoveAdvancedOrder,2232
   1 SetDelegate,1358
   1 SetOracle,21071
   1 SettlePnl,26769
   1 UpdateFunding,101496
   1 UpdateRootBank,24427
   1 Withdraw,5523
   2 AddPerpMarket,21032
   2 AddSpotMarket,21059
   2 CreateSpotOpenOrders,16058
   2 LiquidateTokenAndPerp,37539
   2 UpdateFunding,16621
   2 UpdateRootBank,12111
   3 AddOracle,1865
   3 ConsumeEvents,19818
   3 PlacePerpOrder,22058
   3 UpdateRootBank,12149
   5 CacheRootBanks,24427
   5 UpdateFunding,6772
   5 UpdateRootBank,12344
   6 CachePerpMarkets,23463
   6 CachePrices,18318
   6 UpdateFunding,6850
   7 UpdateFunding,6928
   7 UpdateRootBank,8519
  11 AddSpotMarket,20512
  11 UpdateRootBank,8523
  12 AddPerpMarket,20524
  12 SetOracle,1550
  13 AddOracle,1865
  13 InitMangoGroup,13160
  26 InitMangoAccount,1828
  41 UpdateRootBank,9360
  66 CacheRootBanks,5857
  67 CachePerpMarkets,4331
  67 CachePrices,3669
  69 UpdateFunding,6381
